<?xml version="1.0" encoding="UTF-8"?>
<!-- Generated by org.testng.reporters.JUnitReportReporter -->
<testsuite hostname="DESKTOP-PMTFDK2" name="ru.st.selenium.LoginTest" tests="1" failures="0" timestamp="4 Nov 2015 18:37:04 GMT" time="2.480" errors="0">
  <testcase name="testUntitled" time="2.480" classname="ru.st.selenium.LoginTest"/>
</testsuite> <!-- ru.st.selenium.LoginTest -->
